ZhangYang/hw1/AndroidDemo/app/build/intermediates/manifest_merge_blame_file/debug/manifest-merger-blame-debug-report.txt
1<?xml version="1.0" encoding="utf-8"?>
2<manifest xmlns:android="http://schemas.android.com/apk/res/android"
3    package="com.bytedance.androiddemo"
4    android:versionCode="1"
5    android:versionName="1.0" >
6
7    <uses-sdk
8        android:minSdkVersion="16"
8-->src\main\AndroidManifest.xml
9        android:targetSdkVersion="30" />
9-->src\main\AndroidManifest.xml
10
11    <application
11-->src\main\AndroidManifest.xml:6:5-35:19
12        android:allowBackup="true"
12-->src\main\AndroidManifest.xml:7:9-35
13        android:appComponentFactory="androidx.core.app.CoreComponentFactory"
13-->[androidx.core:core:1.3.0] AndroidManifest.xml:24:18-86
14        android:debuggable="true"
14-->src\main\AndroidManifest.xml:8:9-34
15        android:icon="@mipmap/ic_launcher"
15-->src\main\AndroidManifest.xml:9:9-43
16        android:label="@string/app_name"
16-->src\main\AndroidManifest.xml:10:9-41
17        android:roundIcon="@mipmap/ic_launcher_round"
17-->src\main\AndroidManifest.xml:11:9-54
18        android:supportsRtl="true"
18-->src\main\AndroidManifest.xml:12:9-35
19        android:testOnly="true"
20        android:theme="@style/AppTheme" >
20-->src\main\AndroidManifest.xml:13:9-40
21        <activity android:name="com.bytedance.androiddemo.Main2Activity" >
21-->src\main\AndroidManifest.xml:15:9-16:20
21-->src\main\AndroidManifest.xml:15:19-48
22        </activity>
23        <activity android:name="com.bytedance.androiddemo.WidgetActivity" >
23-->src\main\AndroidManifest.xml:17:9-19:20
23-->src\main\AndroidManifest.xml:17:19-49
24        </activity>
25        <activity android:name="com.bytedance.androiddemo.ListActivity" >
25-->src\main\AndroidManifest.xml:20:9-21:20
25-->src\main\AndroidManifest.xml:20:19-47
26        </activity>
27        <activity android:name="com.bytedance.androiddemo.HelloActivity" >
27-->src\main\AndroidManifest.xml:23:9-24:20
27-->src\main\AndroidManifest.xml:23:19-48
28        </activity>
29        <activity android:name="com.bytedance.androiddemo.demo.ChatActivity" />
29-->src\main\AndroidManifest.xml:26:9-55
29-->src\main\AndroidManifest.xml:26:19-52
30        <activity android:name="com.bytedance.androiddemo.demo.LoginActivity" >
30-->src\main\AndroidManifest.xml:28:9-34:20
30-->src\main\AndroidManifest.xml:28:19-53
31            <intent-filter>
31-->src\main\AndroidManifest.xml:29:13-33:29
32                <action android:name="android.intent.action.MAIN" />
32-->src\main\AndroidManifest.xml:30:17-69
32-->src\main\AndroidManifest.xml:30:25-66
33
34                <category android:name="android.intent.category.LAUNCHER" />
34-->src\main\AndroidManifest.xml:32:17-77
34-->src\main\AndroidManifest.xml:32:27-74
35            </intent-filter>
36        </activity>
37    </application>
38
39</manifest>